lolololololol 01-02-2024 23:02:02,312 [main] INFO  com.mysite.site1.Site1Application - Starting Site1Application using Java 18.0.2.1 with PID 1600 (C:\Users\SujansDell\myProjects\site1\backend_site1\site1\target\classes started by SujansDell in C:\Users\SujansDell\myProjects\site1\backend_site1)
lolololololol 01-02-2024 23:02:02,329 [main] DEBUG com.mysite.site1.Site1Application - Running with Spring Boot v3.1.4, Spring v6.0.12
lolololololol 01-02-2024 23:02:02,330 [main] INFO  com.mysite.site1.Site1Application - The following 1 profile is active: "dev"
lolololololol 01-02-2024 23:02:07,552 [main] DEBUG com.mysite.site1.config.JwtAuthenticationFilter - Filter 'jwtAuthenticationFilter' configured for use
lolololololol 01-02-2024 23:02:08,106 [main] INFO  com.mysite.site1.config.SecurityConfig - Initializing Filter chain........
lolololololol 01-02-2024 23:02:09,840 [main] INFO  com.mysite.site1.Site1Application - Started Site1Application in 8.078 seconds (process running for 9.269)
lolololololol 01-02-2024 23:02:48,466 [http-nio-9080-exec-2] INFO  com.mysite.site1.config.JwtAuthenticationFilter - Initializing doFilterInternal
lolololololol 01-02-2024 23:02:48,553 [http-nio-9080-exec-2] INFO  com.mysite.site1.controllers.ContentController - Trying to get Contents from Database
lolololololol 01-02-2024 23:02:49,839 [http-nio-9080-exec-2] DEBUG com.mysite.site1.controllers.ContentController - This is a DEBUG message.
lolololololol 01-02-2024 23:02:49,840 [http-nio-9080-exec-2] INFO  com.mysite.site1.controllers.ContentController - Data Recieved; Sending HTTP 200 response
lolololololol 01-02-2024 23:02:49,840 [http-nio-9080-exec-2] DEBUG com.mysite.site1.controllers.ContentController - Data Recieved; Sending HTTP 200 response -- debug test
lolololololol 01-02-2024 23:02:57,475 [http-nio-9080-exec-3] INFO  com.mysite.site1.config.JwtAuthenticationFilter - Initializing doFilterInternal
lolololololol 01-02-2024 23:02:57,480 [http-nio-9080-exec-3] INFO  com.mysite.site1.controllers.ContentController - Trying to get Contents from Database
lolololololol 01-02-2024 23:02:58,042 [http-nio-9080-exec-3] DEBUG com.mysite.site1.controllers.ContentController - This is a DEBUG message.
lolololololol 01-02-2024 23:02:58,042 [http-nio-9080-exec-3] INFO  com.mysite.site1.controllers.ContentController - Data Recieved; Sending HTTP 200 response
lolololololol 01-02-2024 23:02:58,042 [http-nio-9080-exec-3] DEBUG com.mysite.site1.controllers.ContentController - Data Recieved; Sending HTTP 200 response -- debug test
lolololololol 01-02-2024 23:03:13,785 [http-nio-9080-exec-4] INFO  com.mysite.site1.config.JwtAuthenticationFilter - Initializing doFilterInternal
lolololololol 01-02-2024 23:03:13,788 [http-nio-9080-exec-4] INFO  com.mysite.site1.controllers.ContentController - Trying to get Contents from Database
lolololololol 01-02-2024 23:03:14,119 [http-nio-9080-exec-4] DEBUG com.mysite.site1.controllers.ContentController - This is a DEBUG message.
lolololololol 01-02-2024 23:03:14,119 [http-nio-9080-exec-4] INFO  com.mysite.site1.controllers.ContentController - Data Recieved; Sending HTTP 200 response
lolololololol 01-02-2024 23:03:14,119 [http-nio-9080-exec-4] DEBUG com.mysite.site1.controllers.ContentController - Data Recieved; Sending HTTP 200 response -- debug test
